load conda environment
/scratch/dldevel/sinziri/miniconda3/envs/genetic/bin/python3
loaded conda environment
start genetic search algorithem
Tue Oct  7 10:10:54 AM CEST 2025
/scratch/dldevel/sinziri/miniconda3/envs/genetic/lib/python3.12/site-packages/transformers/utils/hub.py:111: FutureWarning: Using `TRANSFORMERS_CACHE` is deprecated and will be removed in v5 of Transformers. Use `HF_HOME` instead.
  warnings.warn(
Loading pipeline components...:   0%|          | 0/7 [00:00<?, ?it/s]Loading pipeline components...:  14%|█▍        | 1/7 [00:02<00:17,  2.96s/it]Loading pipeline components...:  29%|██▊       | 2/7 [00:03<00:07,  1.45s/it]Loading pipeline components...:  57%|█████▋    | 4/7 [00:14<00:12,  4.18s/it]Loading pipeline components...:  71%|███████▏  | 5/7 [00:16<00:06,  3.27s/it]Loading pipeline components...: 100%|██████████| 7/7 [00:16<00:00,  2.33s/it]
Loading pipeline components...:   0%|          | 0/5 [00:00<?, ?it/s]Loading pipeline components...:  60%|██████    | 3/5 [00:08<00:05,  2.67s/it]Loading pipeline components...: 100%|██████████| 5/5 [00:08<00:00,  1.61s/it]
Loading checkpoint shards:   0%|          | 0/2 [00:00<?, ?it/s]Loading checkpoint shards:  50%|█████     | 1/2 [00:12<00:12, 12.79s/it]Loading checkpoint shards: 100%|██████████| 2/2 [00:18<00:00,  8.58s/it]Loading checkpoint shards: 100%|██████████| 2/2 [00:18<00:00,  9.21s/it]
Using a slow image processor as `use_fast` is unset and a slow processor was saved with this model. `use_fast=True` will be the default behavior in v4.52, even if the model was saved with a slow processor. This will result in minor differences in outputs. You'll still be able to use a slow processor with `use_fast=False`.
  0%|          | 0/40 [00:00<?, ?it/s]  0%|          | 0/40 [00:00<?, ?it/s]
Traceback (most recent call last):
  File "<frozen runpy>", line 198, in _run_module_as_main
  File "<frozen runpy>", line 88, in _run_code
  File "/scratch/dldevel/sinziri/Evolutionary_Diffusion_Enhancement/preflight/generate_baseline_for_prompt.py", line 49, in <module>
    generate_baseline_for_prompt(
  File "/scratch/dldevel/sinziri/Evolutionary_Diffusion_Enhancement/preflight/generate_baseline_for_prompt.py", line 39, in generate_baseline_for_prompt
    noise.pil_image = sdxl.generate(noise.initial_noise, prompt)
                      ^^^^^^^^^^^^^^^^^^^^^^^^^^^^^^^^^^^^^^^^^^
  File "/scratch/dldevel/sinziri/Evolutionary_Diffusion_Enhancement/src/huggingface_models/text_to_image/stable_diffusion_xl.py", line 83, in generate
    image = self.model(prompt=prompt,
            ^^^^^^^^^^^^^^^^^^^^^^^^^
  File "/scratch/dldevel/sinziri/miniconda3/envs/genetic/lib/python3.12/site-packages/torch/utils/_contextlib.py", line 116, in decorate_context
    return func(*args, **kwargs)
           ^^^^^^^^^^^^^^^^^^^^^
  File "/scratch/dldevel/sinziri/miniconda3/envs/genetic/lib/python3.12/site-packages/diffusers/pipelines/stable_diffusion_xl/pipeline_stable_diffusion_xl.py", line 1216, in __call__
    noise_pred = self.unet(
                 ^^^^^^^^^^
  File "/scratch/dldevel/sinziri/miniconda3/envs/genetic/lib/python3.12/site-packages/torch/nn/modules/module.py", line 1751, in _wrapped_call_impl
    return self._call_impl(*args, **kwargs)
           ^^^^^^^^^^^^^^^^^^^^^^^^^^^^^^^^
  File "/scratch/dldevel/sinziri/miniconda3/envs/genetic/lib/python3.12/site-packages/torch/nn/modules/module.py", line 1762, in _call_impl
    return forward_call(*args, **kwargs)
           ^^^^^^^^^^^^^^^^^^^^^^^^^^^^^
  File "/scratch/dldevel/sinziri/miniconda3/envs/genetic/lib/python3.12/site-packages/diffusers/models/unets/unet_2d_condition.py", line 1157, in forward
    emb = emb + aug_emb if aug_emb is not None else emb
          ~~~~^~~~~~~~~
RuntimeError: The size of tensor a (8) must match the size of tensor b (2) at non-singleton dimension 0
job finished
Tue Oct  7 10:11:56 AM CEST 2025
